producer_class	xtools.gsea.GseaPreranked
producer_timestamp	1616856003087
param	rpt_label	rankInfo
param	rnd_seed	timestamp
param	set_min	15
param	zip_report	true
param	create_svgs	false
param	scoring_scheme	weighted
param	rnk	/opt/gpcloud/gp_home/users/micanonsens/uploads/tmp/run945271324779519788.tmp/ranked.list/1/rankInfo.rnk
param	norm	meandiv
param	out	/opt/gpcloud/gp_home/jobResults/333295/.tmp_gsea/analysis
param	mode	Max_probe
param	include_only_symbols	true
param	help	false
param	set_max	200
param	gmx	/opt/gpcloud/gp_home/users/micanonsens/uploads/tmp/run7002024008343684647.tmp/gene.sets.database/2/genesets.gmt
param	make_sets	true
param	plot_top_x	20
param	gui	false
param	nperm	1000
param	collapse	No_Collapse

file	.tmp_gsea/analysis/index.html
